[    0.000000] Linux version 4.15.0-123-generic (buildd@lcy01-amd64-017) (gcc version 7.5.0 (Ubuntu 7.5.0-3ubuntu1~18.04)) #126-Ubuntu SMP Wed Oct 21 09:40:11 UTC 2020 (Ubuntu 4.15.0-123.126-generic 4.15.18)
[    0.000000] Command line: BOOT_IMAGE=/boot/vmlinuz-4.15.0-123-generic root=LABEL=cloudimg-rootfs ro console=tty1 console=ttyS0
[    0.000000] KERNEL supported cpus:
[    0.000000]   Intel GenuineIntel
[    0.000000]   AMD AuthenticAMD
[    0.000000]   Centaur CentaurHauls
[    0.000000] x86/fpu: Supporting XSAVE feature 0x001: 'x87 floating point registers'
[    0.000000] x86/fpu: Supporting XSAVE feature 0x002: 'SSE registers'
[    0.000000] x86/fpu: Supporting XSAVE feature 0x004: 'AVX registers'
[    0.000000] x86/fpu: xstate_offset[2]:  576, xstate_sizes[2]:  256
[    0.000000] x86/fpu: Enabled xstate features 0x7, context size is 832 bytes, using 'standard' format.
[    0.000000] e820: BIOS-provided physical RAM map:
[    0.000000] BIOS-e820: [mem 0x0000000000000000-0x000000000009fbff] usable
[    0.000000] BIOS-e820: [mem 0x000000000009fc00-0x000000000009ffff] reserved
[    0.000000] BIOS-e820: [mem 0x00000000000f0000-0x00000000000fffff] reserved
[    0.000000] BIOS-e820: [mem 0x0000000000100000-0x000000003ffeffff] usable
[    0.000000] BIOS-e820: [mem 0x000000003fff0000-0x000000003fffffff] ACPI data
[    0.000000] BIOS-e820: [mem 0x00000000fec00000-0x00000000fec00fff] reserved
[    0.000000] BIOS-e820: [mem 0x00000000fee00000-0x00000000fee00fff] reserved
[    0.000000] BIOS-e820: [mem 0x00000000fffc0000-0x00000000ffffffff] reserved
[    0.000000] NX (Execute Disable) protection: active
[    0.000000] SMBIOS 2.5 present.
[    0.000000] DMI: innotek GmbH VirtualBox/VirtualBox, BIOS VirtualBox 12/01/2006
[    0.000000] Hypervisor detected: KVM
[    0.000000] e820: last_pfn = 0x3fff0 max_arch_pfn = 0x400000000
[    0.000000] MTRR: Disabled
[    0.000000] x86/PAT: MTRRs disabled, skipping PAT initialization too.
[    0.000000] CPU MTRRs all blank - virtualized system.
[    0.000000] x86/PAT: Configuration [0-7]: WB  WT  UC- UC  WB  WT  UC- UC  
[    0.000000] found SMP MP-table at [mem 0x0009fff0-0x0009ffff]
[    0.000000] Scanning 1 areas for low memory corruption
[    0.000000] RAMDISK: [mem 0x35a65000-0x36d29fff]
[    0.000000] ACPI: Early table checksum verification disabled
[    0.000000] ACPI: RSDP 0x00000000000E0000 000024 (v02 VBOX  )
[    0.000000] ACPI: XSDT 0x000000003FFF0030 00003C (v01 VBOX   VBOXXSDT 00000001 ASL  00000061)
[    0.000000] ACPI: FACP 0x000000003FFF00F0 0000F4 (v04 VBOX   VBOXFACP 00000001 ASL  00000061)
[    0.000000] ACPI: DSDT 0x000000003FFF0470 002325 (v02 VBOX   VBOXBIOS 00000002 INTL 20120111)
[    0.000000] ACPI: FACS 0x000000003FFF0200 000040
[    0.000000] ACPI: FACS 0x000000003FFF0200 000040
[    0.000000] ACPI: APIC 0x000000003FFF0240 00005C (v02 VBOX   VBOXAPIC 00000001 ASL  00000061)
[    0.000000] ACPI: SSDT 0x000000003FFF02A0 0001CC (v01 VBOX   VBOXCPUT 00000002 INTL 20120111)
[    0.000000] No NUMA configuration found
[    0.000000] Faking a node at [mem 0x0000000000000000-0x000000003ffeffff]
[    0.000000] NODE_DATA(0) allocated [mem 0x3ffc5000-0x3ffeffff]
[    0.000000] kvm-clock: cpu 0, msr 0:3ff44001, primary cpu clock
[    0.000000] kvm-clock: Using msrs 4b564d01 and 4b564d00
[    0.000000] kvm-clock: using sched offset of 3916381216 cycles
[    0.000000] clocksource: kvm-clock: mask: 0xffffffffffffffff max_cycles: 0x1cd42e4dffb, max_idle_ns: 881590591483 ns
[    0.000000] Zone ranges:
[    0.000000]   DMA      [mem 0x0000000000001000-0x0000000000ffffff]
[    0.000000]   DMA32    [mem 0x0000000001000000-0x000000003ffeffff]
[    0.000000]   Normal   empty
[    0.000000]   Device   empty
[    0.000000] Movable zone start for each node
[    0.000000] Early memory node ranges
[    0.000000]   node   0: [mem 0x0000000000001000-0x000000000009efff]
[    0.000000]   node   0: [mem 0x0000000000100000-0x000000003ffeffff]
[    0.000000] Reserved but unavailable: 98 pages
[    0.000000] Initmem setup node 0 [mem 0x0000000000001000-0x000000003ffeffff]
[    0.000000] ACPI: PM-Timer IO Port: 0x4008
[    0.000000] IOAPIC[0]: apic_id 2, version 32, address 0xfec00000, GSI 0-23
[    0.000000] ACPI: INT_SRC_OVR (bus 0 bus_irq 0 global_irq 2 dfl dfl)
[    0.000000] ACPI: INT_SRC_OVR (bus 0 bus_irq 9 global_irq 9 low level)
[    0.000000] Using ACPI (MADT) for SMP configuration information
[    0.000000] smpboot: Allowing 2 CPUs, 0 hotplug CPUs
[    0.000000] PM: Registered nosave memory: [mem 0x00000000-0x00000fff]
[    0.000000] PM: Registered nosave memory: [mem 0x0009f000-0x0009ffff]
[    0.000000] PM: Registered nosave memory: [mem 0x000a0000-0x000effff]
[    0.000000] PM: Registered nosave memory: [mem 0x000f0000-0x000fffff]
[    0.000000] e820: [mem 0x40000000-0xfebfffff] available for PCI devices
[    0.000000] Booting paravirtualized kernel on KVM
[    0.000000] clocksource: refined-jiffies: mask: 0xffffffff max_cycles: 0xffffffff, max_idle_ns: 7645519600211568 ns
[    0.000000] random: get_random_bytes called from start_kernel+0x99/0x500 with crng_init=0
[    0.000000] setup_percpu: NR_CPUS:8192 nr_cpumask_bits:2 nr_cpu_ids:2 nr_node_ids:1
[    0.000000] percpu: Embedded 45 pages/cpu s147456 r8192 d28672 u1048576
[    0.000000] PV qspinlock hash table entries: 256 (order: 0, 4096 bytes)
[    0.000000] Built 1 zonelists, mobility grouping on.  Total pages: 257913
[    0.000000] Policy zone: DMA32
[    0.000000] Kernel command line: BOOT_IMAGE=/boot/vmlinuz-4.15.0-123-generic root=LABEL=cloudimg-rootfs ro console=tty1 console=ttyS0
[    0.000000] Memory: 983032K/1048120K available (12300K kernel code, 2482K rwdata, 4272K rodata, 2436K init, 2724K bss, 65088K reserved, 0K cma-reserved)
[    0.000000] SLUB: HWalign=64, Order=0-3, MinObjects=0, CPUs=2, Nodes=1
[    0.000000] Kernel/User page tables isolation: enabled
[    0.000000] ftrace: allocating 39402 entries in 154 pages
[    0.004000] Hierarchical RCU implementation.
[    0.004000] 	RCU restricting CPUs from NR_CPUS=8192 to nr_cpu_ids=2.
[    0.004000] 	Tasks RCU enabled.
[    0.004000] RCU: Adjusting geometry for rcu_fanout_leaf=16, nr_cpu_ids=2
[    0.004000] NR_IRQS: 524544, nr_irqs: 440, preallocated irqs: 16
[    0.004000] Console: colour VGA+ 80x25
[    0.004000] console [tty1] enabled
[    0.004000] console [ttyS0] enabled
[    0.004000] ACPI: Core revision 20170831
[    0.004000] ACPI: 2 ACPI AML tables successfully acquired and loaded
[    0.004000] APIC: Switch to symmetric I/O mode setup
[    0.004000] x2apic enabled
[    0.004000] Switched APIC routing to physical x2apic.
[    0.004000] ..TIMER: vector=0x30 apic1=0 pin1=2 apic2=-1 pin2=-1
[    0.004003] tsc: Detected 2207.998 MHz processor
[    0.004947] Calibrating delay loop (skipped) preset value.. 4415.99 BogoMIPS (lpj=8831992)
[    0.008006] pid_max: default: 32768 minimum: 301
[    0.008982] Security Framework initialized
[    0.009948] Yama: becoming mindful.
[    0.010725] AppArmor: AppArmor initialized
[    0.012136] Dentry cache hash table entries: 131072 (order: 8, 1048576 bytes)
[    0.013891] Inode-cache hash table entries: 65536 (order: 7, 524288 bytes)
[    0.015378] Mount-cache hash table entries: 2048 (order: 2, 16384 bytes)
[    0.016007] Mountpoint-cache hash table entries: 2048 (order: 2, 16384 bytes)
[    0.017866] Last level iTLB entries: 4KB 64, 2MB 8, 4MB 8
[    0.020004] Last level dTLB entries: 4KB 64, 2MB 0, 4MB 0, 1GB 4
[    0.021298] Spectre V1 : Mitigation: usercopy/swapgs barriers and __user pointer sanitization
[    0.023257] Spectre V2 : Mitigation: Full generic retpoline
[    0.024004] Spectre V2 : Spectre v2 / SpectreRSB mitigation: Filling RSB on context switch
[    0.025849] Speculative Store Bypass: Vulnerable
[    0.026958] SRBDS: Unknown: Dependent on hypervisor status
[    0.028006] MDS: Mitigation: Clear CPU buffers
[    0.029139] Freeing SMP alternatives memory: 36K
[    0.140628] smpboot: CPU0: Intel(R) Core(TM) i7-8750H CPU @ 2.20GHz (family: 0x6, model: 0x9e, stepping: 0xa)
[    0.143835] Performance Events: unsupported p6 CPU model 158 no PMU driver, software events only.
[    0.144071] Hierarchical SRCU implementation.
[    0.145874] NMI watchdog: Perf event create on CPU 0 failed with -2
[    0.148002] NMI watchdog: Perf NMI watchdog permanently disabled
[    0.149405] smp: Bringing up secondary CPUs ...
[    0.150551] x86: Booting SMP configuration:
[    0.152005] .... node  #0, CPUs:      #1
[    0.004000] kvm-clock: cpu 1, msr 0:3ff44041, secondary cpu clock
[    0.156022] smp: Brought up 1 node, 2 CPUs
[    0.157490] smpboot: Max logical packages: 1
[    0.158617] smpboot: Total of 2 processors activated (8831.99 BogoMIPS)
[    0.160146] devtmpfs: initialized
[    0.160923] x86/mm: Memory block size: 128MB
[    0.162449] evm: security.selinux
[    0.164005] evm: security.SMACK64
[    0.165007] evm: security.SMACK64EXEC
[    0.165797] evm: security.SMACK64TRANSMUTE
[    0.166655] evm: security.SMACK64MMAP
[    0.168007] evm: security.apparmor
[    0.168902] evm: security.ima
[    0.169580] evm: security.capability
[    0.170396] clocksource: jiffies: mask: 0xffffffff max_cycles: 0xffffffff, max_idle_ns: 7645041785100000 ns
[    0.172015] futex hash table entries: 512 (order: 3, 32768 bytes)
[    0.176034] pinctrl core: initialized pinctrl subsystem
[    0.177294] RTC time: 18:23:24, date: 11/18/20
[    0.178520] NET: Registered protocol family 16
[    0.180070] audit: initializing netlink subsys (disabled)
[    0.181701] audit: type=2000 audit(1605723810.101:1): state=initialized audit_enabled=0 res=1
[    0.184020] cpuidle: using governor ladder
[    0.185161] cpuidle: using governor menu
[    0.186320] ACPI: bus type PCI registered
[    0.187513] acpiphp: ACPI Hot Plug PCI Controller Driver version: 0.5
[    0.188127] PCI: Using configuration type 1 for base access
[    0.189308] HugeTLB registered 2.00 MiB page size, pre-allocated 0 pages
[    0.192121] ACPI: Added _OSI(Module Device)
[    0.193125] ACPI: Added _OSI(Processor Device)
[    0.194108] ACPI: Added _OSI(3.0 _SCP Extensions)
[    0.196004] ACPI: Added _OSI(Processor Aggregator Device)
[    0.197104] ACPI: Added _OSI(Linux-Dell-Video)
[    0.198034] ACPI: Added _OSI(Linux-Lenovo-NV-HDMI-Audio)
[    0.199099] ACPI: Added _OSI(Linux-HPI-Hybrid-Graphics)
[    0.200395] ACPI: Executed 1 blocks of module-level executable AML code
[    0.205457] ACPI: Interpreter enabled
[    0.206231] ACPI: (supports S0 S5)
[    0.206942] ACPI: Using IOAPIC for interrupt routing
[    0.208199] PCI: Using host bridge windows from ACPI; if necessary, use "pci=nocrs" and report a bug
[    0.210764] ACPI: Enabled 2 GPEs in block 00 to 07
[    0.219832] ACPI: PCI Root Bridge [PCI0] (domain 0000 [bus 00-ff])
[    0.220012] acpi PNP0A03:00: _OSC: OS supports [ASPM ClockPM Segments MSI]
[    0.222302] acpi PNP0A03:00: _OSC: not requesting OS control; OS requires [ExtendedConfig ASPM ClockPM MSI]
[    0.224032] acpi PNP0A03:00: fail to add MMCONFIG information, can't access extended PCI configuration space under this bridge.
[    0.228568] PCI host bridge to bus 0000:00
[    0.229650] pci_bus 0000:00: root bus resource [io  0x0000-0x0cf7 window]
[    0.232005] pci_bus 0000:00: root bus resource [io  0x0d00-0xffff window]
[    0.233871] pci_bus 0000:00: root bus resource [mem 0x000a0000-0x000bffff window]
[    0.236008] pci_bus 0000:00: root bus resource [mem 0x40000000-0xfdffffff window]
[    0.237658] pci_bus 0000:00: root bus resource [bus 00-ff]
[    0.242392] pci 0000:00:01.1: legacy IDE quirk: reg 0x10: [io  0x01f0-0x01f7]
[    0.244005] pci 0000:00:01.1: legacy IDE quirk: reg 0x14: [io  0x03f6]
[    0.245616] pci 0000:00:01.1: legacy IDE quirk: reg 0x18: [io  0x0170-0x0177]
[    0.248005] pci 0000:00:01.1: legacy IDE quirk: reg 0x1c: [io  0x0376]
[    0.266933] pci 0000:00:07.0: quirk: [io  0x4000-0x403f] claimed by PIIX4 ACPI
[    0.268025] pci 0000:00:07.0: quirk: [io  0x4100-0x410f] claimed by PIIX4 SMB
[    0.281467] ACPI: PCI Interrupt Link [LNKA] (IRQs 5 9 10 *11)
[    0.283174] ACPI: PCI Interrupt Link [LNKB] (IRQs 5 9 *10 11)
[    0.284260] ACPI: PCI Interrupt Link [LNKC] (IRQs 5 *9 10 11)
[    0.285714] ACPI: PCI Interrupt Link [LNKD] (IRQs 5 9 10 *11)
[    0.287391] SCSI subsystem initialized
[    0.288061] pci 0000:00:02.0: vgaarb: setting as boot VGA device
[    0.289359] pci 0000:00:02.0: vgaarb: VGA device added: decodes=io+mem,owns=io+mem,locks=none
[    0.292018] pci 0000:00:02.0: vgaarb: bridge control possible
[    0.293878] vgaarb: loaded
[    0.294660] ACPI: bus type USB registered
[    0.296042] usbcore: registered new interface driver usbfs
[    0.297301] usbcore: registered new interface driver hub
[    0.298672] usbcore: registered new device driver usb
[    0.300093] EDAC MC: Ver: 3.0.0
[    0.301073] PCI: Using ACPI for IRQ routing
[    0.304362] NetLabel: Initializing
[    0.305350] NetLabel:  domain hash size = 128
[    0.306742] NetLabel:  protocols = UNLABELED CIPSOv4 CALIPSO
[    0.308022] NetLabel:  unlabeled traffic allowed by default
[    0.309566] clocksource: Switched to clocksource kvm-clock
[    0.321164] VFS: Disk quotas dquot_6.6.0
[    0.322488] VFS: Dquot-cache hash table entries: 512 (order 0, 4096 bytes)
[    0.324688] AppArmor: AppArmor Filesystem Enabled
[    0.325798] pnp: PnP ACPI init
[    0.328195] pnp: PnP ACPI: found 3 devices
[    0.340376] clocksource: acpi_pm: mask: 0xffffff max_cycles: 0xffffff, max_idle_ns: 2085701024 ns
[    0.343055] NET: Registered protocol family 2
[    0.344366] TCP established hash table entries: 8192 (order: 4, 65536 bytes)
[    0.346046] TCP bind hash table entries: 8192 (order: 5, 131072 bytes)
[    0.348296] TCP: Hash tables configured (established 8192 bind 8192)
[    0.351122] UDP hash table entries: 512 (order: 2, 16384 bytes)
[    0.352582] UDP-Lite hash table entries: 512 (order: 2, 16384 bytes)
[    0.354050] NET: Registered protocol family 1
[    0.355102] pci 0000:00:00.0: Limiting direct PCI/PCI transfers
[    0.356427] pci 0000:00:01.0: Activating ISA DMA hang workarounds
[    0.357820] pci 0000:00:02.0: Video device with shadowed ROM at [mem 0x000c0000-0x000dffff]
[    0.360392] Unpacking initramfs...
[    0.699724] Freeing initrd memory: 19220K
[    0.701217] clocksource: tsc: mask: 0xffffffffffffffff max_cycles: 0x1fd3b6211b4, max_idle_ns: 440795230313 ns
[    0.704099] platform rtc_cmos: registered platform RTC device (no PNP device found)
[    0.706017] Scanning for low memory corruption every 60 seconds
[    0.709635] Initialise system trusted keyrings
[    0.711095] Key type blacklist registered
[    0.712346] workingset: timestamp_bits=36 max_order=18 bucket_order=0
[    0.714752] zbud: loaded
[    0.715947] squashfs: version 4.0 (2009/01/31) Phillip Lougher
[    0.717562] fuse init (API version 7.26)
[    0.721623] Key type asymmetric registered
[    0.722584] Asymmetric key parser 'x509' registered
[    0.723831] Block layer SCSI generic (bsg) driver version 0.4 loaded (major 246)
[    0.725996] io scheduler noop registered
[    0.726933] io scheduler deadline registered
[    0.727951] io scheduler cfq registered (default)
[    0.729583] ACPI: AC Adapter [AC] (on-line)
[    0.730750] input: Power Button as /devices/LNXSYSTM:00/LNXPWRBN:00/input/input0
[    0.732549] ACPI: Power Button [PWRF]
[    0.733624] input: Sleep Button as /devices/LNXSYSTM:00/LNXSLPBN:00/input/input1
[    0.735473] ACPI: Sleep Button [SLPF]
[    0.737801] ACPI: Battery Slot [BAT0] (battery present)
[    0.739655] Serial: 8250/16550 driver, 32 ports, IRQ sharing enabled
[    0.762580] 00:02: ttyS0 at I/O 0x3f8 (irq = 4, base_baud = 115200) is a 16550A
[    0.769349] Linux agpgart interface v0.103
[    0.772434] loop: module loaded
[    0.773825] scsi host0: ata_piix
[    0.775039] scsi host1: ata_piix
[    0.776222] ata1: PATA max UDMA/33 cmd 0x1f0 ctl 0x3f6 bmdma 0xd000 irq 14
[    0.777871] ata2: PATA max UDMA/33 cmd 0x170 ctl 0x376 bmdma 0xd008 irq 15
[    0.780122] libphy: Fixed MDIO Bus: probed
[    0.781079] tun: Universal TUN/TAP device driver, 1.6
[    0.782691] PPP generic driver version 2.4.2
[    0.783835] ehci_hcd: USB 2.0 'Enhanced' Host Controller (EHCI) Driver
[    0.785391] ehci-pci: EHCI PCI platform driver
[    0.786425] ehci-platform: EHCI generic platform driver
[    0.787652] ohci_hcd: USB 1.1 'Open' Host Controller (OHCI) Driver
[    0.789068] ohci-pci: OHCI PCI platform driver
[    0.790246] ohci-platform: OHCI generic platform driver
[    0.791650] uhci_hcd: USB Universal Host Controller Interface driver
[    0.793156] i8042: PNP: PS/2 Controller [PNP0303:PS2K,PNP0f03:PS2M] at 0x60,0x64 irq 1,12
[    0.795321] serio: i8042 KBD port at 0x60,0x64 irq 1
[    0.796540] serio: i8042 AUX port at 0x60,0x64 irq 12
[    0.797849] mousedev: PS/2 mouse device common for all mice
[    0.799960] input: AT Translated Set 2 keyboard as /devices/platform/i8042/serio0/input/input2
[    0.802415] rtc_cmos rtc_cmos: rtc core: registered rtc_cmos as rtc0
[    0.803828] rtc_cmos rtc_cmos: alarms up to one day, 114 bytes nvram
[    0.805327] i2c /dev entries driver
[    0.806262] device-mapper: uevent: version 1.0.3
[    0.807449] device-mapper: ioctl: 4.37.0-ioctl (2017-09-20) initialised: dm-devel@redhat.com
[    0.810258] ledtrig-cpu: registered to indicate activity on CPUs
[    0.812510] NET: Registered protocol family 10
[    0.817999] Segment Routing with IPv6
[    0.818883] NET: Registered protocol family 17
[    0.820078] Key type dns_resolver registered
[    0.821392] mce: Using 0 MCE banks
[    0.822219] RAS: Correctable Errors collector initialized.
[    0.823610] sched_clock: Marking stable (821366190, 0)->(1014196262, -192830072)
[    0.826371] registered taskstats version 1
[    0.827655] Loading compiled-in X.509 certificates
[    0.831377] Loaded X.509 cert 'Build time autogenerated kernel key: 423d6fc95fe30468112015aeb92af84ef3acf368'
[    0.833899] zswap: loaded using pool lzo/zbud
[    0.839522] Key type big_key registered
[    0.840535] Key type trusted registered
[    0.843503] Key type encrypted registered
[    0.844640] AppArmor: AppArmor sha1 policy hashing enabled
[    0.846297] ima: No TPM chip found, activating TPM-bypass! (rc=-19)
[    0.848041] ima: Allocated hash algorithm: sha1
[    0.849525] evm: HMAC attrs: 0x1
[    0.851433]   Magic number: 12:117:393
[    0.853180] rtc_cmos rtc_cmos: setting system clock to 2020-11-18 18:23:24 UTC (1605723804)
[    0.855807] BIOS EDD facility v0.16 2004-Jun-25, 0 devices found
[    0.857499] EDD information not available.
[    0.998855] Freeing unused kernel image memory: 2436K
[    1.166698] Write protecting the kernel read-only data: 20480k
[    1.169160] Freeing unused kernel image memory: 2008K
[    1.171094] Freeing unused kernel image memory: 1872K
[    1.179462] x86/mm: Checked W+X mappings: passed, no W+X pages found.
[    1.181533] x86/mm: Checking user space page tables
[    1.189406] x86/mm: Checked W+X mappings: passed, no W+X pages found.
Loading, please wait...
starting version 237
[    1.258902] e1000: Intel(R) PRO/1000 Network Driver - version 7.3.21-k8-NAPI
[    1.261374] e1000: Copyright (c) 1999-2006 Intel Corporation.
[    1.267149] Fusion MPT base driver 3.04.20
[    1.268328] Copyright (c) 1999-2008 LSI Corporation
[    1.274049] Fusion MPT SPI Host driver 3.04.20
[    1.277299] mptbase: ioc0: Initiating bringup
[    1.281917] AVX2 version of gcm_enc/dec engaged.
[    1.283361] AES CTR mode by8 optimization enabled
[    1.473794] input: ImExPS/2 Generic Explorer Mouse as /devices/platform/i8042/serio1/input/input4
[    1.476668] ioc0: LSI53C1030 A0: Capabilities={Initiator}
[    3.722588] scsi host2: ioc0: LSI53C1030 A0, FwRev=00000000h, Ports=1, MaxQ=256, IRQ=20
[    4.767414] scsi 2:0:0:0: Direct-Access     VBOX     HARDDISK         1.0  PQ: 0 ANSI: 5
[    5.169309] scsi target2:0:0: Beginning Domain Validation
[    5.216172] scsi target2:0:0: Domain Validation skipping write tests
[    5.217929] scsi target2:0:0: Ending Domain Validation
[    5.219890] scsi target2:0:0: asynchronous
[    5.221869] scsi 2:0:1:0: Direct-Access     VBOX     HARDDISK         1.0  PQ: 0 ANSI: 5
[    5.496183] scsi target2:0:1: Beginning Domain Validation
[    5.498795] random: fast init done
[    5.499900] scsi target2:0:1: Domain Validation skipping write tests
[    5.501238] scsi target2:0:1: Ending Domain Validation
[    5.502434] scsi target2:0:1: asynchronous
[    5.507231] random: systemd-udevd: uninitialized urandom read (16 bytes read)
[    5.507361] sd 2:0:0:0: Attached scsi generic sg0 type 0
[    5.509233] random: systemd-udevd: uninitialized urandom read (16 bytes read)
[    5.510919] sd 2:0:1:0: Attached scsi generic sg1 type 0
[    5.512894] random: systemd-udevd: uninitialized urandom read (16 bytes read)
[    5.516211] sd 2:0:0:0: [sda] 20971520 512-byte logical blocks: (10.7 GB/10.0 GiB)
[    5.518097] sd 2:0:1:0: [sdb] 20480 512-byte logical blocks: (10.5 MB/10.0 MiB)
[    5.519914] sd 2:0:0:0: [sda] Write Protect is off
[    5.520952] sd 2:0:1:0: [sdb] Write Protect is off
[    5.522055] sd 2:0:0:0: [sda] Incomplete mode parameter data
[    5.523410] sd 2:0:0:0: [sda] Assuming drive cache: write through
[    5.525218] sd 2:0:1:0: [sdb] Incomplete mode parameter data
[    5.526461] sd 2:0:1:0: [sdb] Assuming drive cache: write through
[    5.530223]  sda: sda1
[    5.532072] sd 2:0:1:0: [sdb] Attached SCSI disk
[    5.533350] sd 2:0:0:0: [sda] Attached SCSI disk
[    5.545299] e1000 0000:00:03.0 eth0: (PCI:33MHz:32-bit) 02:ad:b8:da:8b:56
[    5.546773] e1000 0000:00:03.0 eth0: Intel(R) PRO/1000 Network Connection
[    6.370206] e1000 0000:00:08.0 eth1: (PCI:33MHz:32-bit) 08:00:27:ab:e4:8b
[    6.372109] e1000 0000:00:08.0 eth1: Intel(R) PRO/1000 Network Connection
[    6.375246] e1000 0000:00:08.0 enp0s8: renamed from eth1
[    6.392542] e1000 0000:00:03.0 enp0s3: renamed from eth0
Begin: Loading essential drivers ... [    7.840190] raid6: sse2x1   gen() 10015 MB/s
[    7.888232] raid6: sse2x1   xor()  7457 MB/s
[    7.936082] raid6: sse2x2   gen() 12442 MB/s
[    7.984174] raid6: sse2x2   xor()  7372 MB/s
[    8.032017] raid6: sse2x4   gen() 13874 MB/s
[    8.080470] raid6: sse2x4   xor()  9040 MB/s
[    8.128061] raid6: avx2x1   gen() 20164 MB/s
[    8.176091] raid6: avx2x1   xor() 14118 MB/s
[    8.224156] raid6: avx2x2   gen() 24921 MB/s
[    8.272420] raid6: avx2x2   xor() 16246 MB/s
[    8.320052] raid6: avx2x4   gen() 25481 MB/s
[    8.368392] raid6: avx2x4   xor() 14670 MB/s
[    8.369439] raid6: using algorithm avx2x4 gen() 25481 MB/s
[    8.370682] raid6: .... xor() 14670 MB/s, rmw enabled
[    8.372249] raid6: using avx2x2 recovery algorithm
[    8.375081] xor: automatically using best checksumming function   avx       
[    8.378005] async_tx: api initialized (async)
done.
Begin: Running /scripts/init-premount ... done.
Begin: Mounting root file system ... Begin: Running /scripts/local-top ... done.
Begin: Running /scripts/local-premount ... [    8.426739] Btrfs loaded, crc32c=crc32c-intel
Scanning for Btrfs filesystems
done.
Warning: fsck not present, so skipping root file system
[    8.455631] EXT4-fs (sda1): mounted filesystem with ordered data mode. Opts: (null)
done.
Begin: Running /scripts/local-bottom ... done.
Begin: Running /scripts/init-bottom ... done.
[    8.625688] ip_tables: (C) 2000-2006 Netfilter Core Team
[    8.633940] systemd[1]: systemd 237 running in system mode. (+PAM +AUDIT +SELINUX +IMA +APPARMOR +SMACK +SYSVINIT +UTMP +LIBCRYPTSETUP +GCRYPT +GNUTLS +ACL +XZ +LZ4 +SECCOMP +BLKID +ELFUTILS +KMOD -IDN2 +IDN -PCRE2 default-hierarchy=hybrid)
[    8.637785] systemd[1]: Detected virtualization oracle.
[    8.638790] systemd[1]: Detected architecture x86-64.

Welcome to [1mUbuntu 18.04.5 LTS[0m!

[    8.647185] systemd[1]: Set hostname to <ubuntu>.
[    8.652381] systemd[1]: Initializing machine ID from random generator.
[    8.653829] systemd[1]: Installed transient /etc/machine-id file.
[    8.985209] systemd[1]: Started Forward Password Requests to Wall Directory Watch.
[[0;32m  OK  [0m] Started Forward Password Requests to Wall Directory Watch.
[    8.988196] systemd[1]: Set up automount Arbitrary Executable File Formats File System Automount Point.
[[0;32m  OK  [0m] Set up automount Arbitrary Executab…rmats File System Automount Point.
[    8.992263] systemd[1]: Reached target User and Group Name Lookups.
[[0;32m  OK  [0m] Reached target User and Group Name Lookups.
[    8.997368] systemd[1]: Created slice User and Session Slice.
[[0;32m  OK  [0m] Created slice User and Session Slice.
[[0;32m  OK  [0m] Reached target Swap.
[[0;32m  OK  [0m] Created slice System Slice.
[[0;32m  OK  [0m] Listening on LVM2 metadata daemon socket.
[[0;32m  OK  [0m] Created slice system-serial\x2dgetty.slice.
[[0;32m  OK  [0m] Listening on udev Kernel Socket.
[[0;32m  OK  [0m] Listening on Journal Socket (/dev/log).
[[0;32m  OK  [0m] Listening on Network Service Netlink Socket.
[[0;32m  OK  [0m] Listening on /dev/initctl Compatibility Named Pipe.
[[0;32m  OK  [0m] Listening on Syslog Socket.
[[0;32m  OK  [0m] Listening on Journal Audit Socket.
[[0;32m  OK  [0m] Listening on Journal Socket.
         Starting Journal Service...
         Starting Set the console keyboard layout...
         Starting Load Kernel Modules...
         Mounting Huge Pages File System...
         Starting Remount Root and Kernel File Systems...
[    9.121017] Loading iSCSI transport class v2.0-870.
[    9.128925] iscsi: registered transport (tcp)
[    9.150808] iscsi: registered transport (iser)
         Starting Uncomplicated firewall...
[[0;32m  OK  [0m] Reached target Slices.
         Mounting POSIX Message Queue File System...
         Mounting Kernel Debug File System...
         Starting Create list of required st…ce nodes for the current kernel...
[    9.189207] EXT4-fs (sda1): re-mounted. Opts: (null)
[[0;32m  OK  [0m] Listening on LVM2 poll daemon socket.
[[0;32m  OK  [0m] Listening on udev Control Socket.
         Starting udev Coldplug all Devices...
[[0;32m  OK  [0m] Listening on Device-mapper event daemon FIFOs.
         Starting Monitoring of LVM2 mirrors…ng dmeventd or progress polling...
[[0;32m  OK  [0m] Reached target System Time Synchronized.
[[0;32m  OK  [0m] Started Journal Service.
[[0;32m  OK  [0m] Started Load Kernel Modules.
[[0;32m  OK  [0m] Mounted Huge Pages File System.
[[0;32m  OK  [0m] Started Remount Root and Kernel File Systems.
[[0;32m  OK  [0m] Started Uncomplicated firewall.
[[0;32m  OK  [0m] Mounted POSIX Message Queue File System.
[[0;32m  OK  [0m] Mounted Kernel Debug File System.
[[0;32m  OK  [0m] Started Create list of required sta…vice nodes for the current kernel.
         Starting Create Static Device Nodes in /dev...
         Starting Load/Save Random Seed...
         Mounting Kernel Configuration File System...
         Mounting FUSE Control File System...
         Starting Apply Kernel Variables...
         Starting Flush Journal to Persistent Storage...
[[0;32m  OK  [0m] Mounted Kernel Configuration File System.
[[0;32m  OK  [0m] Mounted FUSE Control File System.
[[0;32m  OK  [0m] Started LVM2 metadata daemon.
[[0;32m  OK  [0m] Started Create Static Device Nodes in /dev.
         Starting udev Kernel Device Manager...
[[0;32m  OK  [0m] Started Load/Save Random Seed.
[[0;32m  OK  [0m] Started Set the console keyboard layout.
[[0;32m  OK  [0m] Started udev Coldplug all Devices.
[[0;32m  OK  [0m] Started udev Kernel Device Manager.
[[0;32m  OK  [0m] Started Dispatch Password Requests to Console Directory Watch.
[[0;32m  OK  [0m] Reached target Local Encrypted Volumes.
[[0;32m  OK  [0m] Started Apply Kernel Variables.
[[0;32m  OK  [0m] Started Flush Journal to Persistent Storage.
[[0;32m  OK  [0m] Started Monitoring of LVM2 mirrors,…sing dmeventd or progress polling.
[[0;32m  OK  [0m] Reached target Local File Systems (Pre).
[[0;32m  OK  [0m] Reached target Local File Systems.
         Starting AppArmor initialization...
         Starting Commit a transient machine-id on disk...
         Starting Set console font and keymap...
         Starting Tell Plymouth To Write Out Runtime Data...
         Starting ebtables ruleset management...
         Starting Create Volatile Files and Directories...
[[0;32m  OK  [0m] Started Set console font and keymap.
[[0;32m  OK  [0m] Started Tell Plymouth To Write Out Runtime Data.
[[0;32m  OK  [0m] Started Create Volatile Files and Directories.
         Starting Update UTMP about System Boot/Shutdown...
[[0;32m  OK  [0m] Started Update UTMP about System Boot/Shutdown.
[[0;32m  OK  [0m] Started Commit a transient machine-id on disk.
[[0;32m  OK  [0m] Started ebtables ruleset management.
[[0;32m  OK  [0m] Found device /dev/ttyS0.
[[0;32m  OK  [0m] Listening on Load/Save RF Kill Switch Status /dev/rfkill Watch.
[[0;32m  OK  [0m] Started AppArmor initialization.
         Starting Initial cloud-init job (pre-networking)...
         Starting Load AppArmor profiles managed internally by snapd...
[[0;32m  OK  [0m] Started Load AppArmor profiles managed internally by snapd.
[   11.694761] cloud-init[574]: Cloud-init v. 20.3-2-g371b392c-0ubuntu1~18.04.1 running 'init-local' at Wed, 18 Nov 2020 18:23:34 +0000. Up 11.28 seconds.
[[0;32m  OK  [0m] Started Initial cloud-init job (pre-networking).
[[0;32m  OK  [0m] Reached target Network (Pre).
         Starting Network Service...
[[0;32m  OK  [0m] Started Network Service.
         Starting Network Name Resolution...
         Starting Wait for Network to be Configured...
[[0;32m  OK  [0m] Started Network Name Resolution.
[[0;32m  OK  [0m] Reached target Network.
[[0;32m  OK  [0m] Reached target Host and Network Name Lookups.
[[0;32m  OK  [0m] Started Wait for Network to be Configured.
         Starting Initial cloud-init job (metadata service crawler)...
[   14.459410] cloud-init[723]: Cloud-init v. 20.3-2-g371b392c-0ubuntu1~18.04.1 running 'init' at Wed, 18 Nov 2020 18:23:37 +0000. Up 14.30 seconds.
[   14.472563] cloud-init[723]: ci-info: ++++++++++++++++++++++++++++++++++++++Net device info+++++++++++++++++++++++++++++++++++++++
[   14.474218] cloud-init[723]: ci-info: +--------+-------+----------------------------+---------------+--------+-------------------+
[   14.476361] cloud-init[723]: ci-info: | Device |   Up  |          Address           |      Mask     | Scope  |     Hw-Address    |
[   14.478041] cloud-init[723]: ci-info: +--------+-------+----------------------------+---------------+--------+-------------------+
[   14.479828] cloud-init[723]: ci-info: | enp0s3 |  True |         10.0.2.15          | 255.255.255.0 | global | 02:ad:b8:da:8b:56 |
[   14.492209] cloud-init[723]: ci-info: | enp0s3 |  True | fe80::ad:b8ff:feda:8b56/64 |       .       |  link  | 02:ad:b8:da:8b:56 |
[   14.493533] cloud-init[723]: ci-info: | enp0s8 | False |             .              |       .       |   .    | 08:00:27:ab:e4:8b |
[   14.495323] cloud-init[723]: ci-info: |   lo   |  True |         127.0.0.1          |   255.0.0.0   |  host  |         .         |
[   14.496896] cloud-init[723]: ci-info: |   lo   |  True |          ::1/128           |       .       |  host  |         .         |
[   14.508275] cloud-init[723]: ci-info: +--------+-------+----------------------------+---------------+--------+-------------------+
[   14.510166] cloud-init[723]: ci-info: ++++++++++++++++++++++++++++Route IPv4 info+++++++++++++++++++++++++++++
[   14.520233] cloud-init[723]: ci-info: +-------+-------------+----------+-----------------+-----------+-------+
[   14.532192] cloud-init[723]: ci-info: | Route | Destination | Gateway  |     Genmask     | Interface | Flags |
[   14.534558] cloud-init[723]: ci-info: +-------+-------------+----------+-----------------+-----------+-------+
[   14.544301] cloud-init[723]: ci-info: |   0   |   0.0.0.0   | 10.0.2.2 |     0.0.0.0     |   enp0s3  |   UG  |
[   14.545869] cloud-init[723]: ci-info: |   1   |   10.0.2.0  | 0.0.0.0  |  255.255.255.0  |   enp0s3  |   U   |
[   14.547201] cloud-init[723]: ci-info: |   2   |   10.0.2.2  | 0.0.0.0  | 255.255.255.255 |   enp0s3  |   UH  |
[   14.548942] cloud-init[723]: ci-info: +-------+-------------+----------+-----------------+-----------+-------+
[   14.560236] cloud-init[723]: ci-info: +++++++++++++++++++Route IPv6 info+++++++++++++++++++
[   14.561843] cloud-init[723]: ci-info: +-------+-------------+---------+-----------+-------+
[   14.563402] cloud-init[723]: ci-info: | Route | Destination | Gateway | Interface | Flags |
[   14.576233] cloud-init[723]: ci-info: +-------+-------------+---------+-----------+-------+
[   14.588288] cloud-init[723]: ci-info: |   1   |  fe80::/64  |    ::   |   enp0s3  |   U   |
[   14.600297] cloud-init[723]: ci-info: |   3   |    local    |    ::   |   enp0s3  |   U   |
[   14.601777] cloud-init[723]: ci-info: |   4   |   ff00::/8  |    ::   |   enp0s3  |   U   |
[   14.612586] cloud-init[723]: ci-info: +-------+-------------+---------+-----------+-------+
[   16.192564] cloud-init[723]: Generating public/private rsa key pair.
[   16.194085] cloud-init[723]: Your identification has been saved in /etc/ssh/ssh_host_rsa_key.
[   16.196482] cloud-init[723]: Your public key has been saved in /etc/ssh/ssh_host_rsa_key.pub.
[   16.198652] cloud-init[723]: The key fingerprint is:
[   16.199412] cloud-init[723]: SHA256:fbWmpSD7LPR392hs9mqkHPGCAMGupPy6Zi2gqKJY7kk root@ubuntu-bionic
[   16.212761] cloud-init[723]: The key's randomart image is:
[   16.224334] cloud-init[723]: +---[RSA 2048]----+
[   16.225502] cloud-init[723]: |     ...         |
[   16.226833] cloud-init[723]: |      o          |
[   16.228102] cloud-init[723]: |     . .      .  |
[   16.229172] cloud-init[723]: |    . . ..  .. . |
[   16.230370] cloud-init[723]: | . o .  S.o..o+  |
[   16.240302] cloud-init[723]: |. o .   .o.oo=o  |
[   16.241661] cloud-init[723]: |o.Eo   ... .o*   |
[   16.242907] cloud-init[723]: |=++.o   .o. + B..|
[   16.243894] cloud-init[723]: |B+*+     .o. *o++|
[   16.245416] cloud-init[723]: +----[SHA256]-----+
[   16.246723] cloud-init[723]: Generating public/private dsa key pair.
[   16.248102] cloud-init[723]: Your identification has been saved in /etc/ssh/ssh_host_dsa_key.
[   16.250181] cloud-init[723]: Your public key has been saved in /etc/ssh/ssh_host_dsa_key.pub.
[   16.252170] cloud-init[723]: The key fingerprint is:
[   16.253169] cloud-init[723]: SHA256:K3n/sN3MNQ99fMQWhzNYzeUKTSBBjIDIm7YrNtoh/P8 root@ubuntu-bionic
[   16.254901] cloud-init[723]: The key's randomart image is:
[   16.255920] cloud-init[723]: +---[DSA 1024]----+
[   16.256957] cloud-init[723]: | . . ... ++...ooo|
[   16.258663] cloud-init[723]: |  o .   . .. = oo|
[   16.260041] cloud-init[723]: |   o        o =.o|
[   16.261858] cloud-init[723]: |  +          . =o|
[   16.262760] cloud-init[723]: | . .    S     . +|
[   16.263979] cloud-init[723]: |. .    . .     = |
[   16.276584] cloud-init[723]: |....  o o .   ..*|
[[0;32m  OK  [0m] Started Initial cloud-init job (metadata service crawler).
[   16.292723] [[0;32m  OK  [0m] Reached target Cloud-config availability.
[[0;32m  OK  [0m] Reached target Network is Online.
cloud-init[723]: |.=o.   o . + + o=|
[   16.295938]          Starting Availability of block devices...
[[0;32m  OK  [0m] Reached target Remote File Systems (Pre).
cloud-init[723]: |+.o....E  o.o + .|
[   16.299257] cloud-init[723]: +----[SHA256]-----+
[[0;32m  OK  [0m] Reached target Remote File Systems.
[   16.306075] [[0;32m  OK  [0m] Reached target System Initialization.
cloud-init[723]: Generating public/private ecdsa key pair.
         Starting Socket activation for snappy daemon.
[   16.307740] cloud-init[[0;32m  OK  [0m] Started Message of the Day.
[723]: Your identification has been saved in /etc/ssh/ssh_host_ecdsa_key.
         Starting LXD - unix socket.
[[0;32m  OK  [0m] Started Discard unused blocks once a week.
[[0;32m  OK  [0m] Started Daily Cleanup of Temporary Directories.
[[0;32m  OK  [0m] Listening on UUID daemon activation socket.
[[0;32m  OK  [0m] Listening on D-Bus System Message Bus Socket.
[   16.313799] cloud-init[723]: Your public key has been saved in /etc/ssh/ssh_host_ecdsa_key.pub.
[[0;32m  OK  [0m] Started ACPI Events Check.
[   16.328758] cloud-init[723]: The key fingerprint is:
[[0;32m  OK  [0m] Listening on ACPID Listen Socket.
[   16.329734] [[0;32m  OK  [0m] Listening on Open-iSCSI iscsid Socket.
[[0;32m  OK  [0m] Reached target Paths.
[[0;32m  OK  [0m] Started Daily apt download activities.
cloud-init[723]: SHA256:0g7BtjcCVF8+9+T59aBzlqKy78WXH7w50vnwYe+3Avo root@ubuntu-bionic
[[0;32m  OK  [0m] Started Daily apt upgrade and clean activities.
[[0;32m  OK  [0m] Reached target Timers.
[   16.333571] cloud-init[723]: The key's randomart image is:
[   16.335225] [[0;32m  OK  [0m] Started Availability of block devices.
cloud-init[723]: +---[ECDSA 256]---+
[[0;32m  OK  [0m] Listening on Socket activation for snappy daemon.
[   16.337289] [cloud-init[0;32m  OK  [0m[723]: ] |    ...   .      |Listening on LXD - unix socket.

[[0;32m  OK  [0m] Reached target Sockets.
[   16.338731] cloud-init[[723]: [0;32m  OK  [0m|   . . . o       |] 
Reached target Basic System.
[   16.352594]          Starting Virtualbox guest utils...
cloud-init[723]: |    . + . o . .  |
         Starting Permit User Sessions...
         Starting Accounts Service...
[[0;32m  OK  [0m] Started FUSE filesystem for LXC.
         Starting System Logging Service...
         Starting LSB: automatic crash report generation...
         Starting Login Service...
[   16.356532] cloud-init[723]: |     o +   o + . |
[   16.393822]          Starting LSB: Record successful boot for GRUB...
cloud-init[723]: |      = S     = .|
[[0;32m  OK  [0m] Started Deferred execution scheduler.
[   16.397281] cloud-init[723]: |       * . o ..=o|
[   16.409312] cloud-init[723]: |        . . B O=+|
[   16.424369] cloud-init[723]: |        .. o O.BB|
[   16.436244] cloud-init[723]: |        .==E  o=@|
[   16.449964] cloud-init[723]: +----[SHA256]-----+
[   16.450725] cloud-init[723]: Generating public/private ed25519 key pair.
[   16.451383] cloud-init[723]: Your identification has been saved in /etc/ssh/ssh_host_ed25519_key.
[   16.453353] cloud-init[723]: Your public key has been saved in /etc/ssh/ssh_host_ed25519_key.pub.
[   16.455231] cloud-init[723]: The key fingerprint is:
[   16.456332] cloud-init[723]: SHA256:plBxfeKFssJpc1yY7Co63hAn/3gNPyzuEKmR78ibXgI root@ubuntu-bionic
[   16.459686] cloud-init[723]: The key's randomart image is:
[   16.476728] cloud-init[723]: +--[ED25519 256]--+
[   16.477472] cloud-init[723]: |      ...+ .     |
[   16.478149] cloud-init[723]: |       o= = o    |
[   16.479502] cloud-init[723]: |     ..+ = +     |
[[0;32m  OK  [0m] Started Regular background program processing daemon.
[   16.495007] cloud-init[723]: |   . o* = .      |
[[0;32m  OK  [0m] Started D-Bus System Message Bus.
[   16.508297] cloud-init[723]: |E = =. =S        |
[   16.510400] cloud-init[723]: | . O.ooo         |
[   16.511850] cloud-init[723]: |  +.=..=         |
[   16.512505] cloud-init[723]: | .oO +o =        |
[   16.514348] cloud-init[723]: | oBo+++. .       |
[   16.516355] cloud-init[723]: +----[SHA256]-----+
[[0;32m  OK  [0m] Started Login Service.
[[0;32m  OK  [0m] Started Unattended Upgrades Shutdown.
         Starting LXD - container startup/shutdown...
         Starting Dispatcher daemon for systemd-networkd...
[[0;32m  OK  [0m] Started irqbalance daemon.
         Starting Pollinate to seed the pseudo random number generator...
         Starting Snap Daemon...
[[0;32m  OK  [0m] Started System Logging Service.
[[0;32m  OK  [0m] Started Permit User Sessions.
[[0;32m  OK  [0m] Started LXD - container startup/shutdown.
         Starting Authorization Manager...
         Starting Terminate Plymouth Boot Screen...
         Starting Hold until boot process finishes up...
[[0;32m  OK  [0m] Started Terminate Plymouth Boot Screen.
[[0;32m  OK  [0m] Started Hold until boot process finishes up.
         Starting Set console scheme...
[[0;32m  OK  [0m] Started Serial Getty on ttyS0.
[[0;32m  OK  [0m] Started LSB: automatic crash report generation.
[[0;32m  OK  [0m] Started Set console scheme.
[[0;32m  OK  [0m] Created slice system-getty.slice.
[[0;32m  OK  [0m] Started Getty on tty1.
[[0;32m  OK  [0m] Reached target Login Prompts.
[[0;32m  OK  [0m] Started LSB: Record successful boot for GRUB.
[[0;32m  OK  [0m] Started Authorization Manager.
[[0;32m  OK  [0m] Started Accounts Service.
[[0;32m  OK  [0m] Started Virtualbox guest utils.
[[0;32m  OK  [0m] Started Dispatcher daemon for systemd-networkd.
[[0;32m  OK  [0m] Started Snap Daemon.
         Starting Wait until snapd is fully seeded...
[[0;32m  OK  [0m] Started Pollinate to seed the pseudo random number generator.
         Starting OpenBSD Secure Shell server...
[[0;32m  OK  [0m] Started OpenBSD Secure Shell server.
[[0;32m  OK  [0m] Created slice User Slice of vagrant.
         Starting User Manager for UID 1000...
[[0;32m  OK  [0m] Started Session 1 of user vagrant.
[[0;32m  OK  [0m] Started User Manager for UID 1000.
[[0;32m  OK  [0m] Started Wait until snapd is fully seeded.
         Starting Apply the settings specified in cloud-config...
[[0;32m  OK  [0m] Reached target Multi-User System.
[[0;32m  OK  [0m] Reached target Graphical Interface.
         Starting Update UTMP about System Runlevel Changes...
[[0;32m  OK  [0m] Started Update UTMP about System Runlevel Changes.
[   20.585195] cloud-init[1310]: Cloud-init v. 20.3-2-g371b392c-0ubuntu1~18.04.1 running 'modules:config' at Wed, 18 Nov 2020 18:23:43 +0000. Up 19.98 seconds.
[[0;32m  OK  [0m] Started Apply the settings specified in cloud-config.
         Starting Execute cloud user/final scripts...
ci-info: no authorized SSH keys fingerprints found for user ubuntu.
<14>Nov 18 18:23:44 ec2: 
<14>Nov 18 18:23:44 ec2: #############################################################
<14>Nov 18 18:23:44 ec2: -----BEGIN SSH HOST KEY FINGERPRINTS-----
<14>Nov 18 18:23:44 ec2: 1024 SHA256:K3n/sN3MNQ99fMQWhzNYzeUKTSBBjIDIm7YrNtoh/P8 root@ubuntu-bionic (DSA)
<14>Nov 18 18:23:44 ec2: 256 SHA256:0g7BtjcCVF8+9+T59aBzlqKy78WXH7w50vnwYe+3Avo root@ubuntu-bionic (ECDSA)
<14>Nov 18 18:23:44 ec2: 256 SHA256:plBxfeKFssJpc1yY7Co63hAn/3gNPyzuEKmR78ibXgI root@ubuntu-bionic (ED25519)
<14>Nov 18 18:23:44 ec2: 2048 SHA256:fbWmpSD7LPR392hs9mqkHPGCAMGupPy6Zi2gqKJY7kk root@ubuntu-bionic (RSA)
<14>Nov 18 18:23:44 ec2: -----END SSH HOST KEY FINGERPRINTS-----
<14>Nov 18 18:23:44 ec2: #############################################################
-----BEGIN SSH HOST KEY KEYS-----
ecdsa-sha2-nistp256 AAAAE2VjZHNhLXNoYTItbmlzdHAyNTYAAAAIbmlzdHAyNTYAAABBBJZZzXcazlnf1xhgMyi++pJnphcGiJ7ZN9GdHZf/c7UQs0KkhD8TooYbmjOCoVnZjWadVVIhuE0VCCZp35ZQF+Y= root@ubuntu-bionic
ssh-ed25519 AAAAC3NzaC1lZDI1NTE5AAAAIPlBWyhCBsipL/3ztt/i6ULMQ6YIsMNPQJ/P1UpBYhww root@ubuntu-bionic
ssh-rsa AAAAB3NzaC1yc2EAAAADAQABAAABAQDGhcNmcW07njzUcEpa0dcgjlMRwWtWVaBc6FQd0IsozQKljs7+oYMCl7wA9azNkRHh42HiQhlVB6UScEl9AuvAvqfLnh4lFyjDHppgqFXyY2+9JpsZvmXbF0xbhBSFk8oI/2qIrmLbu+gWZvXvuFxTz3g23yWoLL0rtnm2NyVbCx5agTcYpeHzjCwG8bQIAS9zG6GGbOEUXh0ajfo3qUTn7Da0rseAyD5GYBU7bdbsS0I9sn3BzNVzo6W88EgqH7TOFpBmJgJyZ/HYrNmk6RBvwzlZW+5Ddb1LlafpqzNHxdjtBAPDar9BYKdIfq4HN+/Zv4FzPabNLbEoF/ALtUKb root@ubuntu-bionic
-----END SSH HOST KEY KEYS-----
[   21.364181] cloud-init[1424]: Cloud-init v. 20.3-2-g371b392c-0ubuntu1~18.04.1 running 'modules:final' at Wed, 18 Nov 2020 18:23:44 +0000. Up 21.15 seconds.
[   21.380758] cloud-init[1424]: ci-info: no authorized SSH keys fingerprints found for user ubuntu.
[   21.395408] cloud-init[1424]: Cloud-init v. 20.3-2-g371b392c-0ubuntu1~18.04.1 finished at Wed, 18 Nov 2020 18:23:44 +0000. Datasource DataSourceNoCloud [seed=/dev/sdb][dsmode=net].  Up 21.35 seconds
[[0;32m  OK  [0m] Started Execute cloud user/final scripts.
[[0;32m  OK  [0m] Reached target Cloud-init target.

Ubuntu 18.04.5 LTS ubuntu-bionic ttyS0

ubuntu-bionic login: [16558.665734] e1000 0000:00:03.0 enp0s3: Reset adapter
[33404.586078] e1000 0000:00:03.0 enp0s3: Reset adapter
